[debug] [2026-04-08T17:52:42.134Z] ----------------------------------------------------------------------
[debug] [2026-04-08T17:52:42.135Z] Command:       /Users/soushiansnoorghorbani/.nvm/versions/node/v22.12.0/bin/node /Users/soushiansnoorghorbani/.nvm/versions/node/v22.12.0/bin/firebase projects:list
[debug] [2026-04-08T17:52:42.136Z] CLI Version:   15.8.0
[debug] [2026-04-08T17:52:42.136Z] Platform:      darwin
[debug] [2026-04-08T17:52:42.136Z] Node Version:  v22.12.0
[debug] [2026-04-08T17:52:42.136Z] Time:          Wed Apr 08 2026 21:52:42 GMT+0400 (Gulf Standard Time)
[debug] [2026-04-08T17:52:42.136Z] ----------------------------------------------------------------------
[debug] 
[debug] [2026-04-08T17:52:42.137Z] >>> [apiv2][query] GET https://firebase-public.firebaseio.com/cli.json [none]
[debug] [2026-04-08T17:52:42.259Z] > command requires scopes: ["email","openid","https://www.googleapis.com/auth/cloudplatformprojects.readonly","https://www.googleapis.com/auth/firebase","https://www.googleapis.com/auth/cloud-platform"]
[debug] [2026-04-08T17:52:42.259Z] > authorizing via signed-in user (snoorghorbani@gmail.com)
[debug] [2026-04-08T17:52:42.260Z] Checked if tokens are valid: false, expires at: 1775372052465
[debug] [2026-04-08T17:52:42.260Z] Checked if tokens are valid: false, expires at: 1775372052465
[debug] [2026-04-08T17:52:42.260Z] > refreshing access token with scopes: []
[debug] [2026-04-08T17:52:42.261Z] >>> [apiv2][query] POST https://www.googleapis.com/oauth2/v3/token [none]
[debug] [2026-04-08T17:52:42.261Z] >>> [apiv2][body] POST https://www.googleapis.com/oauth2/v3/token [omitted]
[debug] [2026-04-08T17:52:42.886Z] <<< [apiv2][status] POST https://www.googleapis.com/oauth2/v3/token 200
[debug] [2026-04-08T17:52:42.886Z] <<< [apiv2][body] POST https://www.googleapis.com/oauth2/v3/token [omitted]
[debug] [2026-04-08T17:52:42.917Z] >>> [apiv2][query] GET https://firebase.googleapis.com/v1beta1/projects pageSize=1000
[debug] [2026-04-08T17:52:42.928Z] <<< [apiv2][status] GET https://firebase-public.firebaseio.com/cli.json 200
[debug] [2026-04-08T17:52:42.928Z] <<< [apiv2][body] GET https://firebase-public.firebaseio.com/cli.json {"cloudBuildErrorAfter":1594252800000,"cloudBuildWarnAfter":1590019200000,"defaultNode10After":1594252800000,"minVersion":"3.0.5","node8DeploysDisabledAfter":1613390400000,"node8RuntimeDisabledAfter":1615809600000,"node8WarnAfter":1600128000000}
[debug] [2026-04-08T17:52:43.928Z] <<< [apiv2][status] GET https://firebase.googleapis.com/v1beta1/projects 200
[debug] [2026-04-08T17:52:43.928Z] <<< [apiv2][body] GET https://firebase.googleapis.com/v1beta1/projects [omitted]
[info] ┌──────────────────────┬───────────────────────────┬────────────────┬──────────────────────┐
│ Project Display Name │ Project ID                │ Project Number │ Resource Location ID │
├──────────────────────┼───────────────────────────┼────────────────┼──────────────────────┤
│ Algo                 │ algo-c5733                │ 384734717174   │ [Not specified]      │
├──────────────────────┼───────────────────────────┼────────────────┼──────────────────────┤
│ bookbal              │ bookbal-cf7a2             │ 435101330746   │ [Not specified]      │
├──────────────────────┼───────────────────────────┼────────────────┼──────────────────────┤
│ soushians            │ soushians-4d02a (current) │ 446258713586   │ [Not specified]      │
├──────────────────────┼───────────────────────────┼────────────────┼──────────────────────┤
│ test                 │ test-51334                │ 391630152195   │ us-central           │
├──────────────────────┼───────────────────────────┼────────────────┼──────────────────────┤
│ Yogplan              │ yogplan-f431f             │ 832288362964   │ europe-west          │
└──────────────────────┴───────────────────────────┴────────────────┴──────────────────────┘
[info] 
[info] 5 project(s) total.
